This file contains any messages produced by compilers while
running configure, to aid debugging if configure makes a mistake.

It was created by configure, which was
generated by GNU Autoconf 2.69.  Invocation command line was

  $ ./configure 

## --------- ##
## Platform. ##
## --------- ##

hostname = vpp
uname -m = x86_64
uname -r = 4.8.0-49-generic
uname -s = Linux
uname -v = #52~16.04.1-Ubuntu SMP Thu Apr 20 10:55:59 UTC 2017

/usr/bin/uname -p = unknown
/bin/uname -X     = unknown

/bin/arch              = unknown
/usr/bin/arch -k       = unknown
/usr/convex/getsysinfo = unknown
/usr/bin/hostinfo      = unknown
/bin/machine           = unknown
/usr/bin/oslevel       = unknown
/bin/universe          = unknown

PATH: /home/vpp/bin
PATH: /home/vpp/.local/bin
PATH: /usr/local/sbin
PATH: /usr/local/bin
PATH: /usr/sbin
PATH: /usr/bin
PATH: /sbin
PATH: /bin
PATH: /usr/games
PATH: /usr/local/games
PATH: /snap/bin


## ----------- ##
## Core tests. ##
## ----------- ##

configure:2272: checking for a BSD-compatible install
configure:2340: result: /usr/bin/install -c
configure:2351: checking whether build environment is sane
configure:2406: result: yes
configure:2557: checking for a thread-safe mkdir -p
configure:2596: result: /bin/mkdir -p
configure:2603: checking for gawk
configure:2633: result: no
configure:2603: checking for mawk
configure:2619: found /usr/bin/mawk
configure:2630: result: mawk
configure:2641: checking whether make sets $(MAKE)
configure:2663: result: yes
configure:2692: checking whether make supports nested variables
configure:2709: result: yes
configure:2837: checking whether to enable maintainer-specific portions of Makefiles
configure:2846: result: no
configure:2872: checking for style of include used by make
configure:2900: result: GNU
configure:2971: checking for gcc
configure:2987: found /usr/bin/gcc
configure:2998: result: gcc
configure:3227: checking for C compiler version
configure:3236: gcc --version >&5
gcc (Ubuntu 5.4.0-6ubuntu1~16.04.4) 5.4.0 20160609
Copyright (C) 2015 Free Software Foundation, Inc.
This is free software; see the source for copying conditions.  There is NO
warranty; not even for MERCHANTABILITY or FITNESS FOR A PARTICULAR PURPOSE.

configure:3247: $? = 0
configure:3236: gcc -v >&5
Using built-in specs.
COLLECT_GCC=gcc
COLLECT_LTO_WRAPPER=/usr/lib/gcc/x86_64-linux-gnu/5/lto-wrapper
Target: x86_64-linux-gnu
Configured with: ../src/configure -v --with-pkgversion='Ubuntu 5.4.0-6ubuntu1~16.04.4' --with-bugurl=file:///usr/share/doc/gcc-5/README.Bugs --enable-languages=c,ada,c++,java,go,d,fortran,objc,obj-c++ --prefix=/usr --program-suffix=-5 --enable-shared --enable-linker-build-id --libexecdir=/usr/lib --without-included-gettext --enable-threads=posix --libdir=/usr/lib --enable-nls --with-sysroot=/ --enable-clocale=gnu --enable-libstdcxx-debug --enable-libstdcxx-time=yes --with-default-libstdcxx-abi=new --enable-gnu-unique-object --disable-vtable-verify --enable-libmpx --enable-plugin --with-system-zlib --disable-browser-plugin --enable-java-awt=gtk --enable-gtk-cairo --with-java-home=/usr/lib/jvm/java-1.5.0-gcj-5-amd64/jre --enable-java-home --with-jvm-root-dir=/usr/lib/jvm/java-1.5.0-gcj-5-amd64 --with-jvm-jar-dir=/usr/lib/jvm-exports/java-1.5.0-gcj-5-amd64 --with-arch-directory=amd64 --with-ecj-jar=/usr/share/java/eclipse-ecj.jar --enable-objc-gc --enable-multiarch --disable-werror --with-arch-32=i686 --with-abi=m64 --with-multilib-list=m32,m64,mx32 --enable-multilib --with-tune=generic --enable-checking=release --build=x86_64-linux-gnu --host=x86_64-linux-gnu --target=x86_64-linux-gnu
Thread model: posix
gcc version 5.4.0 20160609 (Ubuntu 5.4.0-6ubuntu1~16.04.4) 
configure:3247: $? = 0
configure:3236: gcc -V >&5
gcc: error: unrecognized command line option '-V'
gcc: fatal error: no input files
compilation terminated.
configure:3247: $? = 1
configure:3236: gcc -qversion >&5
gcc: error: unrecognized command line option '-qversion'
gcc: fatal error: no input files
compilation terminated.
configure:3247: $? = 1
configure:3267: checking whether the C compiler works
configure:3289: gcc    conftest.c  >&5
configure:3293: $? = 0
configure:3341: result: yes
configure:3344: checking for C compiler default output file name
configure:3346: result: a.out
configure:3352: checking for suffix of executables
configure:3359: gcc -o conftest    conftest.c  >&5
configure:3363: $? = 0
configure:3385: result: 
configure:3407: checking whether we are cross compiling
configure:3415: gcc -o conftest    conftest.c  >&5
configure:3419: $? = 0
configure:3426: ./conftest
configure:3430: $? = 0
configure:3445: result: no
configure:3450: checking for suffix of object files
configure:3472: gcc -c   conftest.c >&5
configure:3476: $? = 0
configure:3497: result: o
configure:3501: checking whether we are using the GNU C compiler
configure:3520: gcc -c   conftest.c >&5
configure:3520: $? = 0
configure:3529: result: yes
configure:3538: checking whether gcc accepts -g
configure:3558: gcc -c -g  conftest.c >&5
configure:3558: $? = 0
configure:3599: result: yes
configure:3616: checking for gcc option to accept ISO C89
configure:3679: gcc  -c -g -O2  conftest.c >&5
configure:3679: $? = 0
configure:3692: result: none needed
configure:3717: checking whether gcc understands -c and -o together
configure:3739: gcc -c conftest.c -o conftest2.o
configure:3742: $? = 0
configure:3739: gcc -c conftest.c -o conftest2.o
configure:3742: $? = 0
configure:3754: result: yes
configure:3773: checking dependency style of gcc
configure:3884: result: none
configure:3905: checking how to run the C preprocessor
configure:3936: gcc -E  conftest.c
configure:3936: $? = 0
configure:3950: gcc -E  conftest.c
conftest.c:11:28: fatal error: ac_nonexistent.h: No such file or directory
compilation terminated.
configure:3950: $? = 1
configure: failed program was:
| /* confdefs.h */
| #define PACKAGE_NAME ""
| #define PACKAGE_TARNAME ""
| #define PACKAGE_VERSION ""
| #define PACKAGE_STRING ""
| #define PACKAGE_BUGREPORT ""
| #define PACKAGE_URL ""
| #define PACKAGE "libeio"
| #define VERSION "1.0"
| /* end confdefs.h.  */
| #include <ac_nonexistent.h>
configure:3975: result: gcc -E
configure:3995: gcc -E  conftest.c
configure:3995: $? = 0
configure:4009: gcc -E  conftest.c
conftest.c:11:28: fatal error: ac_nonexistent.h: No such file or directory
compilation terminated.
configure:4009: $? = 1
configure: failed program was:
| /* confdefs.h */
| #define PACKAGE_NAME ""
| #define PACKAGE_TARNAME ""
| #define PACKAGE_VERSION ""
| #define PACKAGE_STRING ""
| #define PACKAGE_BUGREPORT ""
| #define PACKAGE_URL ""
| #define PACKAGE "libeio"
| #define VERSION "1.0"
| /* end confdefs.h.  */
| #include <ac_nonexistent.h>
configure:4038: checking for grep that handles long lines and -e
configure:4096: result: /bin/grep
configure:4101: checking for egrep
configure:4163: result: /bin/grep -E
configure:4168: checking for ANSI C header files
configure:4188: gcc -c -g -O2  conftest.c >&5
configure:4188: $? = 0
configure:4261: gcc -o conftest -g -O2   conftest.c  >&5
configure:4261: $? = 0
configure:4261: ./conftest
configure:4261: $? = 0
configure:4272: result: yes
configure:4285: checking for sys/types.h
configure:4285: gcc -c -g -O2  conftest.c >&5
configure:4285: $? = 0
configure:4285: result: yes
configure:4285: checking for sys/stat.h
configure:4285: gcc -c -g -O2  conftest.c >&5
configure:4285: $? = 0
configure:4285: result: yes
configure:4285: checking for stdlib.h
configure:4285: gcc -c -g -O2  conftest.c >&5
configure:4285: $? = 0
configure:4285: result: yes
configure:4285: checking for string.h
configure:4285: gcc -c -g -O2  conftest.c >&5
configure:4285: $? = 0
configure:4285: result: yes
configure:4285: checking for memory.h
configure:4285: gcc -c -g -O2  conftest.c >&5
configure:4285: $? = 0
configure:4285: result: yes
configure:4285: checking for strings.h
configure:4285: gcc -c -g -O2  conftest.c >&5
configure:4285: $? = 0
configure:4285: result: yes
configure:4285: checking for inttypes.h
configure:4285: gcc -c -g -O2  conftest.c >&5
configure:4285: $? = 0
configure:4285: result: yes
configure:4285: checking for stdint.h
configure:4285: gcc -c -g -O2  conftest.c >&5
configure:4285: $? = 0
configure:4285: result: yes
configure:4285: checking for unistd.h
configure:4285: gcc -c -g -O2  conftest.c >&5
configure:4285: $? = 0
configure:4285: result: yes
configure:4298: checking minix/config.h usability
configure:4298: gcc -c -g -O2  conftest.c >&5
conftest.c:54:26: fatal error: minix/config.h: No such file or directory
compilation terminated.
configure:4298: $? = 1
configure: failed program was:
| /* confdefs.h */
| #define PACKAGE_NAME ""
| #define PACKAGE_TARNAME ""
| #define PACKAGE_VERSION ""
| #define PACKAGE_STRING ""
| #define PACKAGE_BUGREPORT ""
| #define PACKAGE_URL ""
| #define PACKAGE "libeio"
| #define VERSION "1.0"
| #define STDC_HEADERS 1
| #define HAVE_SYS_TYPES_H 1
| #define HAVE_SYS_STAT_H 1
| #define HAVE_STDLIB_H 1
| #define HAVE_STRING_H 1
| #define HAVE_MEMORY_H 1
| #define HAVE_STRINGS_H 1
| #define HAVE_INTTYPES_H 1
| #define HAVE_STDINT_H 1
| #define HAVE_UNISTD_H 1
| /* end confdefs.h.  */
| #include <stdio.h>
| #ifdef HAVE_SYS_TYPES_H
| # include <sys/types.h>
| #endif
| #ifdef HAVE_SYS_STAT_H
| # include <sys/stat.h>
| #endif
| #ifdef STDC_HEADERS
| # include <stdlib.h>
| # include <stddef.h>
| #else
| # ifdef HAVE_STDLIB_H
| #  include <stdlib.h>
| # endif
| #endif
| #ifdef HAVE_STRING_H
| # if !defined STDC_HEADERS && defined HAVE_MEMORY_H
| #  include <memory.h>
| # endif
| # include <string.h>
| #endif
| #ifdef HAVE_STRINGS_H
| # include <strings.h>
| #endif
| #ifdef HAVE_INTTYPES_H
| # include <inttypes.h>
| #endif
| #ifdef HAVE_STDINT_H
| # include <stdint.h>
| #endif
| #ifdef HAVE_UNISTD_H
| # include <unistd.h>
| #endif
| #include <minix/config.h>
configure:4298: result: no
configure:4298: checking minix/config.h presence
configure:4298: gcc -E  conftest.c
conftest.c:21:26: fatal error: minix/config.h: No such file or directory
compilation terminated.
configure:4298: $? = 1
configure: failed program was:
| /* confdefs.h */
| #define PACKAGE_NAME ""
| #define PACKAGE_TARNAME ""
| #define PACKAGE_VERSION ""
| #define PACKAGE_STRING ""
| #define PACKAGE_BUGREPORT ""
| #define PACKAGE_URL ""
| #define PACKAGE "libeio"
| #define VERSION "1.0"
| #define STDC_HEADERS 1
| #define HAVE_SYS_TYPES_H 1
| #define HAVE_SYS_STAT_H 1
| #define HAVE_STDLIB_H 1
| #define HAVE_STRING_H 1
| #define HAVE_MEMORY_H 1
| #define HAVE_STRINGS_H 1
| #define HAVE_INTTYPES_H 1
| #define HAVE_STDINT_H 1
| #define HAVE_UNISTD_H 1
| /* end confdefs.h.  */
| #include <minix/config.h>
configure:4298: result: no
configure:4298: checking for minix/config.h
configure:4298: result: no
configure:4319: checking whether it is safe to define __EXTENSIONS__
configure:4337: gcc -c -g -O2  conftest.c >&5
configure:4337: $? = 0
configure:4344: result: yes
configure:4389: checking build system type
configure:4403: result: x86_64-pc-linux-gnu
configure:4423: checking host system type
configure:4436: result: x86_64-pc-linux-gnu
configure:4477: checking how to print strings
configure:4504: result: printf
configure:4525: checking for a sed that does not truncate output
configure:4589: result: /bin/sed
configure:4607: checking for fgrep
configure:4669: result: /bin/grep -F
configure:4704: checking for ld used by gcc
configure:4771: result: /usr/bin/ld
configure:4778: checking if the linker (/usr/bin/ld) is GNU ld
configure:4793: result: yes
configure:4805: checking for BSD- or MS-compatible name lister (nm)
configure:4859: result: /usr/bin/nm -B
configure:4989: checking the name lister (/usr/bin/nm -B) interface
configure:4996: gcc -c -g -O2  conftest.c >&5
configure:4999: /usr/bin/nm -B "conftest.o"
configure:5002: output
0000000000000000 B some_variable
configure:5009: result: BSD nm
configure:5012: checking whether ln -s works
configure:5016: result: yes
configure:5024: checking the maximum length of command line arguments
configure:5155: result: 1572864
configure:5203: checking how to convert x86_64-pc-linux-gnu file names to x86_64-pc-linux-gnu format
configure:5243: result: func_convert_file_noop
configure:5250: checking how to convert x86_64-pc-linux-gnu file names to toolchain format
configure:5270: result: func_convert_file_noop
configure:5277: checking for /usr/bin/ld option to reload object files
configure:5284: result: -r
configure:5358: checking for objdump
configure:5374: found /usr/bin/objdump
configure:5385: result: objdump
configure:5417: checking how to recognize dependent libraries
configure:5617: result: pass_all
configure:5702: checking for dlltool
configure:5732: result: no
configure:5762: checking how to associate runtime and link libraries
configure:5789: result: printf %s\n
configure:5849: checking for ar
configure:5865: found /usr/bin/ar
configure:5876: result: ar
configure:5913: checking for archiver @FILE support
configure:5930: gcc -c -g -O2  conftest.c >&5
configure:5930: $? = 0
configure:5933: ar cru libconftest.a @conftest.lst >&5
ar: `u' modifier ignored since `D' is the default (see `U')
configure:5936: $? = 0
configure:5941: ar cru libconftest.a @conftest.lst >&5
ar: `u' modifier ignored since `D' is the default (see `U')
ar: conftest.o: No such file or directory
configure:5944: $? = 1
configure:5956: result: @
configure:6014: checking for strip
configure:6030: found /usr/bin/strip
configure:6041: result: strip
configure:6113: checking for ranlib
configure:6129: found /usr/bin/ranlib
configure:6140: result: ranlib
configure:6242: checking command to parse /usr/bin/nm -B output from gcc object
configure:6395: gcc -c -g -O2  conftest.c >&5
configure:6398: $? = 0
configure:6402: /usr/bin/nm -B conftest.o \| sed -n -e 's/^.*[ ]\([ABCDGIRSTW][ABCDGIRSTW]*\)[ ][ ]*\([_A-Za-z][_A-Za-z0-9]*\)$/\1 \2 \2/p' | sed '/ __gnu_lto/d' \> conftest.nm
configure:6405: $? = 0
configure:6471: gcc -o conftest -g -O2   conftest.c conftstm.o >&5
configure:6474: $? = 0
configure:6512: result: ok
configure:6559: checking for sysroot
configure:6589: result: no
configure:6596: checking for a working dd
configure:6634: result: /bin/dd
configure:6638: checking how to truncate binary pipes
configure:6653: result: /bin/dd bs=4096 count=1
configure:6789: gcc -c -g -O2  conftest.c >&5
configure:6792: $? = 0
configure:6982: checking for mt
configure:6998: found /bin/mt
configure:7009: result: mt
configure:7032: checking if mt is a manifest tool
configure:7038: mt '-?'
configure:7046: result: no
configure:7720: checking for dlfcn.h
configure:7720: gcc -c -g -O2  conftest.c >&5
configure:7720: $? = 0
configure:7720: result: yes
configure:7976: checking for objdir
configure:7991: result: .libs
configure:8251: checking if gcc supports -fno-rtti -fno-exceptions
configure:8269: gcc -c -g -O2  -fno-rtti -fno-exceptions conftest.c >&5
cc1: warning: command line option '-fno-rtti' is valid for C++/ObjC++ but not for C
configure:8273: $? = 0
configure:8286: result: no
configure:8644: checking for gcc option to produce PIC
configure:8651: result: -fPIC -DPIC
configure:8659: checking if gcc PIC flag -fPIC -DPIC works
configure:8677: gcc -c -g -O2  -fPIC -DPIC -DPIC conftest.c >&5
configure:8681: $? = 0
configure:8694: result: yes
configure:8723: checking if gcc static flag -static works
configure:8751: result: yes
configure:8766: checking if gcc supports -c -o file.o
configure:8787: gcc -c -g -O2  -o out/conftest2.o conftest.c >&5
configure:8791: $? = 0
configure:8813: result: yes
configure:8821: checking if gcc supports -c -o file.o
configure:8868: result: yes
configure:8901: checking whether the gcc linker (/usr/bin/ld -m elf_x86_64) supports shared libraries
configure:10164: result: yes
configure:10201: checking whether -lc should be explicitly linked in
configure:10209: gcc -c -g -O2  conftest.c >&5
configure:10212: $? = 0
configure:10227: gcc -shared  -fPIC -DPIC conftest.o  -v -Wl,-soname -Wl,conftest -o conftest 2\>\&1 \| /bin/grep  -lc  \>/dev/null 2\>\&1
configure:10230: $? = 0
configure:10244: result: no
configure:10404: checking dynamic linker characteristics
configure:10985: gcc -o conftest -g -O2   -Wl,-rpath -Wl,/foo conftest.c  >&5
configure:10985: $? = 0
configure:11234: result: GNU/Linux ld.so
configure:11356: checking how to hardcode library paths into programs
configure:11381: result: immediate
configure:11929: checking whether stripping libraries is possible
configure:11934: result: yes
configure:11969: checking if libtool supports shared libraries
configure:11971: result: yes
configure:11974: checking whether to build shared libraries
configure:11999: result: yes
configure:12002: checking whether to build static libraries
configure:12006: result: yes
configure:12092: checking for gcc
configure:12119: result: gcc
configure:12348: checking for C compiler version
configure:12357: gcc --version >&5
gcc (Ubuntu 5.4.0-6ubuntu1~16.04.4) 5.4.0 20160609
Copyright (C) 2015 Free Software Foundation, Inc.
This is free software; see the source for copying conditions.  There is NO
warranty; not even for MERCHANTABILITY or FITNESS FOR A PARTICULAR PURPOSE.

configure:12368: $? = 0
configure:12357: gcc -v >&5
Using built-in specs.
COLLECT_GCC=gcc
COLLECT_LTO_WRAPPER=/usr/lib/gcc/x86_64-linux-gnu/5/lto-wrapper
Target: x86_64-linux-gnu
Configured with: ../src/configure -v --with-pkgversion='Ubuntu 5.4.0-6ubuntu1~16.04.4' --with-bugurl=file:///usr/share/doc/gcc-5/README.Bugs --enable-languages=c,ada,c++,java,go,d,fortran,objc,obj-c++ --prefix=/usr --program-suffix=-5 --enable-shared --enable-linker-build-id --libexecdir=/usr/lib --without-included-gettext --enable-threads=posix --libdir=/usr/lib --enable-nls --with-sysroot=/ --enable-clocale=gnu --enable-libstdcxx-debug --enable-libstdcxx-time=yes --with-default-libstdcxx-abi=new --enable-gnu-unique-object --disable-vtable-verify --enable-libmpx --enable-plugin --with-system-zlib --disable-browser-plugin --enable-java-awt=gtk --enable-gtk-cairo --with-java-home=/usr/lib/jvm/java-1.5.0-gcj-5-amd64/jre --enable-java-home --with-jvm-root-dir=/usr/lib/jvm/java-1.5.0-gcj-5-amd64 --with-jvm-jar-dir=/usr/lib/jvm-exports/java-1.5.0-gcj-5-amd64 --with-arch-directory=amd64 --with-ecj-jar=/usr/share/java/eclipse-ecj.jar --enable-objc-gc --enable-multiarch --disable-werror --with-arch-32=i686 --with-abi=m64 --with-multilib-list=m32,m64,mx32 --enable-multilib --with-tune=generic --enable-checking=release --build=x86_64-linux-gnu --host=x86_64-linux-gnu --target=x86_64-linux-gnu
Thread model: posix
gcc version 5.4.0 20160609 (Ubuntu 5.4.0-6ubuntu1~16.04.4) 
configure:12368: $? = 0
configure:12357: gcc -V >&5
gcc: error: unrecognized command line option '-V'
gcc: fatal error: no input files
compilation terminated.
configure:12368: $? = 1
configure:12357: gcc -qversion >&5
gcc: error: unrecognized command line option '-qversion'
gcc: fatal error: no input files
compilation terminated.
configure:12368: $? = 1
configure:12372: checking whether we are using the GNU C compiler
configure:12400: result: yes
configure:12409: checking whether gcc accepts -g
configure:12470: result: yes
configure:12487: checking for gcc option to accept ISO C89
configure:12563: result: none needed
configure:12588: checking whether gcc understands -c and -o together
configure:12625: result: yes
configure:12644: checking dependency style of gcc
configure:12755: result: none
configure:12778: checking for stdint.h
configure:12778: result: yes
configure:12778: checking sys/syscall.h usability
configure:12778: gcc -c -O3 -g -O2  conftest.c >&5
configure:12778: $? = 0
configure:12778: result: yes
configure:12778: checking sys/syscall.h presence
configure:12778: gcc -E  conftest.c
configure:12778: $? = 0
configure:12778: result: yes
configure:12778: checking for sys/syscall.h
configure:12778: result: yes
configure:12778: checking sys/prctl.h usability
configure:12778: gcc -c -O3 -g -O2  conftest.c >&5
configure:12778: $? = 0
configure:12778: result: yes
configure:12778: checking sys/prctl.h presence
configure:12778: gcc -E  conftest.c
configure:12778: $? = 0
configure:12778: result: yes
configure:12778: checking for sys/prctl.h
configure:12778: result: yes
configure:12789: checking for library containing pthread_create
configure:12820: gcc -o conftest -O3 -g -O2   conftest.c  >&5
/tmp/ccPrvn4G.o: In function `main':
/home/vpp/ccn/libeio/conftest.c:42: undefined reference to `pthread_create'
collect2: error: ld returned 1 exit status
configure:12820: $? = 1
configure: failed program was:
| /* confdefs.h */
| #define PACKAGE_NAME ""
| #define PACKAGE_TARNAME ""
| #define PACKAGE_VERSION ""
| #define PACKAGE_STRING ""
| #define PACKAGE_BUGREPORT ""
| #define PACKAGE_URL ""
| #define PACKAGE "libeio"
| #define VERSION "1.0"
| #define STDC_HEADERS 1
| #define HAVE_SYS_TYPES_H 1
| #define HAVE_SYS_STAT_H 1
| #define HAVE_STDLIB_H 1
| #define HAVE_STRING_H 1
| #define HAVE_MEMORY_H 1
| #define HAVE_STRINGS_H 1
| #define HAVE_INTTYPES_H 1
| #define HAVE_STDINT_H 1
| #define HAVE_UNISTD_H 1
| #define __EXTENSIONS__ 1
| #define _ALL_SOURCE 1
| #define _GNU_SOURCE 1
| #define _POSIX_PTHREAD_SEMANTICS 1
| #define _TANDEM_SOURCE 1
| #define HAVE_DLFCN_H 1
| #define LT_OBJDIR ".libs/"
| #define HAVE_STDINT_H 1
| #define HAVE_SYS_SYSCALL_H 1
| #define HAVE_SYS_PRCTL_H 1
| /* end confdefs.h.  */
| 
| /* Override any GCC internal prototype to avoid an error.
|    Use char because int might match the return type of a GCC
|    builtin and then its argument prototype would still apply.  */
| #ifdef __cplusplus
| extern "C"
| #endif
| char pthread_create ();
| int
| main ()
| {
| return pthread_create ();
|   ;
|   return 0;
| }
configure:12820: gcc -o conftest -O3 -g -O2   conftest.c -lpthread   >&5
configure:12820: $? = 0
configure:12837: result: -lpthread
configure:12849: checking for utimes
configure:12869: gcc -o conftest -O3 -g -O2   conftest.c -lpthread  >&5
configure:12869: $? = 0
configure:12877: result: yes
configure:12883: checking for futimes
configure:12904: gcc -o conftest -O3 -g -O2   conftest.c -lpthread  >&5
configure:12904: $? = 0
configure:12912: result: yes
configure:12918: checking for readahead
configure:12937: gcc -o conftest -O3 -g -O2   conftest.c -lpthread  >&5
configure:12937: $? = 0
configure:12945: result: yes
configure:12951: checking for fdatasync
configure:12968: gcc -o conftest -O3 -g -O2   conftest.c -lpthread  >&5
configure:12968: $? = 0
configure:12976: result: yes
configure:12982: checking for sendfile
configure:13018: gcc -o conftest -O3 -g -O2   conftest.c -lpthread  >&5
conftest.c: In function 'main':
conftest.c:54:28: warning: passing argument 3 of 'sendfile' makes pointer from integer without a cast [-Wint-conversion]
    res = sendfile (fd, fd, offset, count);
                            ^
In file included from conftest.c:38:0:
/usr/include/x86_64-linux-gnu/sys/sendfile.h:33:16: note: expected 'off_t * {aka long int *}' but argument is of type 'off_t {aka long int}'
 extern ssize_t sendfile (int __out_fd, int __in_fd, off_t *__offset,
                ^
configure:13018: $? = 0
configure:13026: result: yes
configure:13032: checking for sync_file_range
configure:13053: gcc -o conftest -O3 -g -O2   conftest.c -lpthread  >&5
configure:13053: $? = 0
configure:13061: result: yes
configure:13067: checking for fallocate
configure:13088: gcc -o conftest -O3 -g -O2   conftest.c -lpthread  >&5
configure:13088: $? = 0
configure:13096: result: yes
configure:13102: checking for sys_syncfs
configure:13118: gcc -o conftest -O3 -g -O2   conftest.c -lpthread  >&5
configure:13118: $? = 0
configure:13126: result: yes
configure:13132: checking for prctl_set_name
configure:13148: gcc -o conftest -O3 -g -O2   conftest.c -lpthread  >&5
conftest.c: In function 'main':
conftest.c:43:15: warning: initialization makes integer from pointer without a cast [-Wint-conversion]
   char name = "test123";
               ^
configure:13148: $? = 0
configure:13156: result: yes
configure:13163: checking for posix_madvise
configure:13183: gcc -o conftest -O3 -g -O2   conftest.c -lpthread  >&5
configure:13183: $? = 0
configure:13191: result: yes
configure:13197: checking for posix_fadvise
configure:13219: gcc -o conftest -O3 -g -O2   conftest.c -lpthread  >&5
configure:13219: $? = 0
configure:13227: result: yes
configure:13236: checking linux/fs.h usability
configure:13236: gcc -c -O3 -g -O2  conftest.c >&5
configure:13236: $? = 0
configure:13236: result: yes
configure:13236: checking linux/fs.h presence
configure:13236: gcc -E  conftest.c
configure:13236: $? = 0
configure:13236: result: yes
configure:13236: checking for linux/fs.h
configure:13236: result: yes
configure:13236: checking linux/fiemap.h usability
configure:13236: gcc -c -O3 -g -O2  conftest.c >&5
configure:13236: $? = 0
configure:13236: result: yes
configure:13236: checking linux/fiemap.h presence
configure:13236: gcc -E  conftest.c
configure:13236: $? = 0
configure:13236: result: yes
configure:13236: checking for linux/fiemap.h
configure:13236: result: yes
configure:13247: checking for splice, vmsplice and tee
configure:13266: gcc -o conftest -O3 -g -O2   conftest.c -lpthread  >&5
configure:13266: $? = 0
configure:13274: result: yes
configure:13393: checking that generated files are newer than configure
configure:13399: result: done
configure:13430: creating ./config.status

## ---------------------- ##
## Running config.status. ##
## ---------------------- ##

This file was extended by config.status, which was
generated by GNU Autoconf 2.69.  Invocation command line was

  CONFIG_FILES    = 
  CONFIG_HEADERS  = 
  CONFIG_LINKS    = 
  CONFIG_COMMANDS = 
  $ ./config.status 

on vpp

config.status:1109: creating Makefile
config.status:1109: creating config.h
config.status:1290: config.h is unchanged
config.status:1338: executing depfiles commands
config.status:1338: executing libtool commands

## ---------------- ##
## Cache variables. ##
## ---------------- ##

ac_cv_build=x86_64-pc-linux-gnu
ac_cv_c_compiler_gnu=yes
ac_cv_env_CC_set=
ac_cv_env_CC_value=
ac_cv_env_CFLAGS_set=
ac_cv_env_CFLAGS_value=
ac_cv_env_CPPFLAGS_set=
ac_cv_env_CPPFLAGS_value=
ac_cv_env_CPP_set=
ac_cv_env_CPP_value=
ac_cv_env_LDFLAGS_set=
ac_cv_env_LDFLAGS_value=
ac_cv_env_LIBS_set=
ac_cv_env_LIBS_value=
ac_cv_env_LT_SYS_LIBRARY_PATH_set=
ac_cv_env_LT_SYS_LIBRARY_PATH_value=
ac_cv_env_build_alias_set=
ac_cv_env_build_alias_value=
ac_cv_env_host_alias_set=
ac_cv_env_host_alias_value=
ac_cv_env_target_alias_set=
ac_cv_env_target_alias_value=
ac_cv_fdatasync=yes
ac_cv_futimes=yes
ac_cv_header_dlfcn_h=yes
ac_cv_header_inttypes_h=yes
ac_cv_header_linux_fiemap_h=yes
ac_cv_header_linux_fs_h=yes
ac_cv_header_memory_h=yes
ac_cv_header_minix_config_h=no
ac_cv_header_stdc=yes
ac_cv_header_stdint_h=yes
ac_cv_header_stdlib_h=yes
ac_cv_header_string_h=yes
ac_cv_header_strings_h=yes
ac_cv_header_sys_prctl_h=yes
ac_cv_header_sys_stat_h=yes
ac_cv_header_sys_syscall_h=yes
ac_cv_header_sys_types_h=yes
ac_cv_header_unistd_h=yes
ac_cv_host=x86_64-pc-linux-gnu
ac_cv_linux_fallocate=yes
ac_cv_linux_splice=yes
ac_cv_objext=o
ac_cv_path_EGREP='/bin/grep -E'
ac_cv_path_FGREP='/bin/grep -F'
ac_cv_path_GREP=/bin/grep
ac_cv_path_SED=/bin/sed
ac_cv_path_install='/usr/bin/install -c'
ac_cv_path_lt_DD=/bin/dd
ac_cv_path_mkdir=/bin/mkdir
ac_cv_posix_fadvise=yes
ac_cv_posix_madvise=yes
ac_cv_prctl_set_name=yes
ac_cv_prog_AWK=mawk
ac_cv_prog_CPP='gcc -E'
ac_cv_prog_ac_ct_AR=ar
ac_cv_prog_ac_ct_CC=gcc
ac_cv_prog_ac_ct_MANIFEST_TOOL=mt
ac_cv_prog_ac_ct_OBJDUMP=objdump
ac_cv_prog_ac_ct_RANLIB=ranlib
ac_cv_prog_ac_ct_STRIP=strip
ac_cv_prog_cc_c89=
ac_cv_prog_cc_g=yes
ac_cv_prog_make_make_set=yes
ac_cv_readahead=yes
ac_cv_safe_to_define___extensions__=yes
ac_cv_search_pthread_create=-lpthread
ac_cv_sendfile=yes
ac_cv_sync_file_range=yes
ac_cv_sys_syncfs=yes
ac_cv_utimes=yes
am_cv_CC_dependencies_compiler_type=none
am_cv_make_support_nested_variables=yes
am_cv_prog_cc_c_o=yes
lt_cv_ar_at_file=@
lt_cv_archive_cmds_need_lc=no
lt_cv_deplibs_check_method=pass_all
lt_cv_file_magic_cmd='$MAGIC_CMD'
lt_cv_file_magic_test_file=
lt_cv_ld_reload_flag=-r
lt_cv_nm_interface='BSD nm'
lt_cv_objdir=.libs
lt_cv_path_LD=/usr/bin/ld
lt_cv_path_NM='/usr/bin/nm -B'
lt_cv_path_mainfest_tool=no
lt_cv_prog_compiler_c_o=yes
lt_cv_prog_compiler_pic='-fPIC -DPIC'
lt_cv_prog_compiler_pic_works=yes
lt_cv_prog_compiler_rtti_exceptions=no
lt_cv_prog_compiler_static_works=yes
lt_cv_prog_gnu_ld=yes
lt_cv_sharedlib_from_linklib_cmd='printf %s\n'
lt_cv_shlibpath_overrides_runpath=no
lt_cv_sys_global_symbol_pipe='sed -n -e '\''s/^.*[	 ]\([ABCDGIRSTW][ABCDGIRSTW]*\)[	 ][	 ]*\([_A-Za-z][_A-Za-z0-9]*\)$/\1 \2 \2/p'\'' | sed '\''/ __gnu_lto/d'\'''
lt_cv_sys_global_symbol_to_c_name_address='sed -n -e '\''s/^: \(.*\) .*$/  {"\1", (void *) 0},/p'\'' -e '\''s/^[ABCDGIRSTW][ABCDGIRSTW]* .* \(.*\)$/  {"\1", (void *) \&\1},/p'\'''
lt_cv_sys_global_symbol_to_c_name_address_lib_prefix='sed -n -e '\''s/^: \(.*\) .*$/  {"\1", (void *) 0},/p'\'' -e '\''s/^[ABCDGIRSTW][ABCDGIRSTW]* .* \(lib.*\)$/  {"\1", (void *) \&\1},/p'\'' -e '\''s/^[ABCDGIRSTW][ABCDGIRSTW]* .* \(.*\)$/  {"lib\1", (void *) \&\1},/p'\'''
lt_cv_sys_global_symbol_to_cdecl='sed -n -e '\''s/^T .* \(.*\)$/extern int \1();/p'\'' -e '\''s/^[ABCDGIRSTW][ABCDGIRSTW]* .* \(.*\)$/extern char \1;/p'\'''
lt_cv_sys_global_symbol_to_import=
lt_cv_sys_max_cmd_len=1572864
lt_cv_to_host_file_cmd=func_convert_file_noop
lt_cv_to_tool_file_cmd=func_convert_file_noop
lt_cv_truncate_bin='/bin/dd bs=4096 count=1'

## ----------------- ##
## Output variables. ##
## ----------------- ##

ACLOCAL='${SHELL} /home/vpp/ccn/libeio/missing aclocal-1.15'
AMDEPBACKSLASH='\'
AMDEP_FALSE='#'
AMDEP_TRUE=''
AMTAR='$${TAR-tar}'
AM_BACKSLASH='\'
AM_DEFAULT_V='$(AM_DEFAULT_VERBOSITY)'
AM_DEFAULT_VERBOSITY='1'
AM_V='$(V)'
AR='ar'
AUTOCONF='${SHELL} /home/vpp/ccn/libeio/missing autoconf'
AUTOHEADER='${SHELL} /home/vpp/ccn/libeio/missing autoheader'
AUTOMAKE='${SHELL} /home/vpp/ccn/libeio/missing automake-1.15'
AWK='mawk'
CC='gcc'
CCDEPMODE='depmode=none'
CFLAGS='-O3 -g -O2'
CPP='gcc -E'
CPPFLAGS=''
CYGPATH_W='echo'
DEFS='-DHAVE_CONFIG_H'
DEPDIR='.deps'
DLLTOOL='false'
DSYMUTIL=''
DUMPBIN=''
ECHO_C=''
ECHO_N='-n'
ECHO_T=''
EGREP='/bin/grep -E'
EXEEXT=''
FGREP='/bin/grep -F'
GREP='/bin/grep'
INSTALL_DATA='${INSTALL} -m 644'
INSTALL_PROGRAM='${INSTALL}'
INSTALL_SCRIPT='${INSTALL}'
INSTALL_STRIP_PROGRAM='$(install_sh) -c -s'
LD='/usr/bin/ld -m elf_x86_64'
LDFLAGS=''
LIBOBJS=''
LIBS='-lpthread '
LIBTOOL='$(SHELL) $(top_builddir)/libtool'
LIPO=''
LN_S='ln -s'
LTLIBOBJS=''
LT_SYS_LIBRARY_PATH=''
MAINT='#'
MAINTAINER_MODE_FALSE=''
MAINTAINER_MODE_TRUE='#'
MAKEINFO='${SHELL} /home/vpp/ccn/libeio/missing makeinfo'
MANIFEST_TOOL=':'
MKDIR_P='/bin/mkdir -p'
NM='/usr/bin/nm -B'
NMEDIT=''
OBJDUMP='objdump'
OBJEXT='o'
OTOOL64=''
OTOOL=''
PACKAGE='libeio'
PACKAGE_BUGREPORT=''
PACKAGE_NAME=''
PACKAGE_STRING=''
PACKAGE_TARNAME=''
PACKAGE_URL=''
PACKAGE_VERSION=''
PATH_SEPARATOR=':'
RANLIB='ranlib'
SED='/bin/sed'
SET_MAKE=''
SHELL='/bin/bash'
STRIP='strip'
VERSION='1.0'
ac_ct_AR='ar'
ac_ct_CC='gcc'
ac_ct_DUMPBIN=''
am__EXEEXT_FALSE=''
am__EXEEXT_TRUE='#'
am__fastdepCC_FALSE=''
am__fastdepCC_TRUE='#'
am__include='include'
am__isrc=''
am__leading_dot='.'
am__nodep='_no'
am__quote=''
am__tar='$${TAR-tar} chof - "$$tardir"'
am__untar='$${TAR-tar} xf -'
bindir='${exec_prefix}/bin'
build='x86_64-pc-linux-gnu'
build_alias=''
build_cpu='x86_64'
build_os='linux-gnu'
build_vendor='pc'
datadir='${datarootdir}'
datarootdir='${prefix}/share'
docdir='${datarootdir}/doc/${PACKAGE}'
dvidir='${docdir}'
exec_prefix='${prefix}'
host='x86_64-pc-linux-gnu'
host_alias=''
host_cpu='x86_64'
host_os='linux-gnu'
host_vendor='pc'
htmldir='${docdir}'
includedir='${prefix}/include'
infodir='${datarootdir}/info'
install_sh='${SHELL} /home/vpp/ccn/libeio/install-sh'
libdir='${exec_prefix}/lib'
libexecdir='${exec_prefix}/libexec'
localedir='${datarootdir}/locale'
localstatedir='${prefix}/var'
mandir='${datarootdir}/man'
mkdir_p='$(MKDIR_P)'
oldincludedir='/usr/include'
pdfdir='${docdir}'
prefix='/usr/local'
program_transform_name='s,x,x,'
psdir='${docdir}'
runstatedir='${localstatedir}/run'
sbindir='${exec_prefix}/sbin'
sharedstatedir='${prefix}/com'
sysconfdir='${prefix}/etc'
target_alias=''

## ----------- ##
## confdefs.h. ##
## ----------- ##

/* confdefs.h */
#define PACKAGE_NAME ""
#define PACKAGE_TARNAME ""
#define PACKAGE_VERSION ""
#define PACKAGE_STRING ""
#define PACKAGE_BUGREPORT ""
#define PACKAGE_URL ""
#define PACKAGE "libeio"
#define VERSION "1.0"
#define STDC_HEADERS 1
#define HAVE_SYS_TYPES_H 1
#define HAVE_SYS_STAT_H 1
#define HAVE_STDLIB_H 1
#define HAVE_STRING_H 1
#define HAVE_MEMORY_H 1
#define HAVE_STRINGS_H 1
#define HAVE_INTTYPES_H 1
#define HAVE_STDINT_H 1
#define HAVE_UNISTD_H 1
#define __EXTENSIONS__ 1
#define _ALL_SOURCE 1
#define _GNU_SOURCE 1
#define _POSIX_PTHREAD_SEMANTICS 1
#define _TANDEM_SOURCE 1
#define HAVE_DLFCN_H 1
#define LT_OBJDIR ".libs/"
#define HAVE_STDINT_H 1
#define HAVE_SYS_SYSCALL_H 1
#define HAVE_SYS_PRCTL_H 1
#define HAVE_UTIMES 1
#define HAVE_FUTIMES 1
#define HAVE_READAHEAD 1
#define HAVE_FDATASYNC 1
#define HAVE_SENDFILE 1
#define HAVE_SYNC_FILE_RANGE 1
#define HAVE_LINUX_FALLOCATE 1
#define HAVE_SYS_SYNCFS 1
#define HAVE_PRCTL_SET_NAME 1
#define HAVE_POSIX_MADVISE 1
#define HAVE_POSIX_FADVISE 1
#define HAVE_LINUX_FS_H 1
#define HAVE_LINUX_FIEMAP_H 1
#define HAVE_LINUX_SPLICE 1

configure: exit 0
